<?xml version="1.0" encoding="UTF-8" ?>
<testsuite errors="0" failures="0" hostname="nelson-bcsg" name="com.secretescapes.EmailTestsSpec" tests="1" time="0.214" timestamp="2015-05-18T09:17:54">
  <properties />
  <testcase classname="com.secretescapes.EmailTestsSpec" name="test email sending" time="0.214" />
  <system-out><![CDATA[--Output from test email sending--
]]></system-out>
  <system-err><![CDATA[--Output from test email sending--
]]></system-err>
</testsuite>
