<?xml version="1.0" encoding="UTF-8" ?>
<testsuite errors="0" failures="0" hostname="nelson-bcsg" name="com.secretescapes.PaymentServiceSpec" tests="3" time="2.203" timestamp="2015-05-18T09:17:35">
  <properties />
  <testcase classname="com.secretescapes.PaymentServiceSpec" name="test account hasn&apos;t enough funds" time="0.484" />
  <testcase classname="com.secretescapes.PaymentServiceSpec" name="test account has enough funds" time="0.303" />
  <testcase classname="com.secretescapes.PaymentServiceSpec" name="test that the transfer can be done" time="0.705" />
  <system-out><![CDATA[--Output from test account hasn't enough funds--
--Output from test account has enough funds--
--Output from test that the transfer can be done--
]]></system-out>
  <system-err><![CDATA[--Output from test account hasn't enough funds--
--Output from test account has enough funds--
--Output from test that the transfer can be done--
]]></system-err>
</testsuite>
