<?xml version="1.0" encoding="UTF-8" ?>
<testsuite errors="0" failures="0" hostname="nelson-bcsg" name="com.secretescapes.PaymentIntSpec" tests="1" time="0.14" timestamp="2015-05-18T09:17:54">
  <properties />
  <testcase classname="com.secretescapes.PaymentIntSpec" name="test I can make a transfer between two different accounts" time="0.14" />
  <system-out><![CDATA[--Output from test I can make a transfer between two different accounts--
]]></system-out>
  <system-err><![CDATA[--Output from test I can make a transfer between two different accounts--
]]></system-err>
</testsuite>
