<?xml version="1.0" encoding="UTF-8" ?>
<testsuite errors="0" failures="0" hostname="nelson-bcsg" name="com.secretescapes.PaymentControllerSpec" tests="2" time="1.835" timestamp="2015-05-18T09:17:38">
  <properties />
  <testcase classname="com.secretescapes.PaymentControllerSpec" name="test payment fails when trying to transfer money to same accounts" time="1.647" />
  <testcase classname="com.secretescapes.PaymentControllerSpec" name="test payment fails when trying to transfer an amount greater than the current balance" time="0.17" />
  <system-out><![CDATA[--Output from test payment fails when trying to transfer money to same accounts--
--Output from test payment fails when trying to transfer an amount greater than the current balance--
]]></system-out>
  <system-err><![CDATA[--Output from test payment fails when trying to transfer money to same accounts--
--Output from test payment fails when trying to transfer an amount greater than the current balance--
]]></system-err>
</testsuite>
