<?xml version="1.0" encoding="UTF-8" ?>
<testsuite errors="0" failures="0" hostname="nelson-bcsg" name="com.secretescapes.TransactionControllerSpec" tests="1" time="10.287" timestamp="2015-05-18T09:17:25">
  <properties />
  <testcase classname="com.secretescapes.TransactionControllerSpec" name="test get transactions" time="9.975" />
  <system-out><![CDATA[--Output from test get transactions--
]]></system-out>
  <system-err><![CDATA[--Output from test get transactions--
]]></system-err>
</testsuite>
